[1;33mINFO[0m: artifact capture enabled: docs/evidence/doc78-production-runtime-2026-04-17-run1
=== DOC78 PRODUCTION RUNTIME GOVERNANCE + REPLAY SMOKE ===
Base URL: http://127.0.0.1:18799

[0;32mâś“ PASS[0m: daemon health route is ready
[0;32mâś“ PASS[0m: status exposes governance owner + continuity gate + objective profile
[0;32mâś“ PASS[0m: session start accepted
[0;32mâś“ PASS[0m: governance pause set for production pressure round
[0;32mâś“ PASS[0m: select-next accepted under governance boundary
[0;32mâś“ PASS[0m: heartbeat dispatch suppressed while governance boundary active
[0;32mâś“ PASS[0m: second select-next accepted for sustained governance pressure
[0;32mâś“ PASS[0m: second heartbeat remains suppressed during sustained governance pressure
[0;32mâś“ PASS[0m: status reflects governance blocker semantics during production pressure
[0;31mâś— FAIL[0m: scope_failure_recorded trace evidence missing or not incremented (before=3, after=3): {"count":3,"events":[{"event_id":"019d9dab-ad71-7602-bb38-2f08b81bb408","event_type":"scope_failure_recorded","payload":{"failure_kind":"secondary_loop_boundary","path":"select_next_continuous_subtask","reason":"governance decision pending","work_item_id":"focusa-o8vn"},"timestamp":"2026-04-17T22:59:27.217978777+00:00"},{"event_id":"019d9dab-34fd-7a43-813a-7074c50b7cfc","event_type":"scope_failure_recorded","payload":{"failure_kind":"secondary_loop_boundary","path":"select_next_continuous_subtask","reason":"governance decision pending","work_item_id":"focusa-o8vn"},"timestamp":"2026-04-17T22:58:56.381262515+00:00"},{"event_id":"019d9525-5e53-7760-8e82-c1c822ef892f","event_type":"scope_failure_recorded","payload":{"ask_kind":"instruction","carryover_policy":"allow_if_relevant","event_type":"scope_failure_recorded","failure_kind":"wrong_question_answered","frame_id":"019d9525-30dc-7740-88f2-e5355fdca1a7","reason":"assistant output has no lexical overlap with current ask","scope_kind":"mission_carryover","severity":"medium","surface":"pi","turn_id":"pi-turn-3"},"timestamp":"2026-04-16T07:15:47.411782291+00:00","turn_id":"pi-turn-3"}],"limit":400}
[0;32mâś“ PASS[0m: verification traces include non-closure loop objectives in production runtime
[0;32mâś“ PASS[0m: status objective profile reports live non-closure evidence
[0;32mâś“ PASS[0m: closure-bundle carries production replay gate + non-closure objective evidence
[0;32mâś“ PASS[0m: closure-evidence fallback route remains available during production pressure
[0;32mâś“ PASS[0m: checkpoints route exposes escalation/reentry artifact fields
[0;32mâś“ PASS[0m: pause flags restored to pre-smoke state

=== DOC78 PRODUCTION RUNTIME RESULTS ===
Tests passed: 15
Tests failed: 1
